<?xml version="1.0" encoding="UTF-8"?>
<testsuites name="testsuite" time="18" tests="2" failures="0" errors="0">
   <testsuite name="testsuite" tests="2" failures="0" errors="0" time="18" timestamp="2019-06-25 10:17:50" hostname="Kanishka Sikka - Kanishka-L" id="Test Suites/testsuite">
      <properties>
         <property name="deviceName" value=""/>
         <property name="devicePlatform" value=""/>
         <property name="logFolder" value="C:\\Users\\Kanishka Sikka\\Katalon Studio\\API_OCRAutomation\\Reports\\testsuite\\20190625_101746"/>
         <property name="logFiles" value="C:\\Users\\Kanishka Sikka\\Katalon Studio\\API_OCRAutomation\\Reports\\testsuite\\20190625_101746\\execution0.log"/>
         <property name="attachments" value=""/>
         <property name="hostName" value="Kanishka Sikka - Kanishka-L"/>
         <property name="hostAddress" value="10.10.30.240"/>
         <property name="os" value="Windows 8.1 64bit"/>
         <property name="katalonVersion" value="6.0.4.7"/>
      </properties>
      <testcase name="Test Cases/Create_API" classname="Test Cases/Create_API" status="PASSED">
         <system-out><![CDATA[2019-06-25 10:17:51 - [TEST_CASE][PASSED] - Test Cases/Create_API: Test Cases/Create_API

2019-06-25 10:17:52 - [TEST_STEP][PASSED] - sendRequest(findTestObject("UserRestService/OCR_URL")): Send request successfully

2019-06-25 10:18:06 - [MESSAGE][INFO] - HAR: C:\Users\Kanishka Sikka\Katalon Studio\API_OCRAutomation\Reports\testsuite\20190625_101746\requests\main\0.har

2019-06-25 10:18:06 - [MESSAGE][PASSED] - Send request successfully]]></system-out>
         <system-err><![CDATA[]]></system-err>
      </testcase>
      <testcase name="Test Cases/Status_API" classname="Test Cases/Status_API" status="PASSED">
         <system-out><![CDATA[2019-06-25 10:18:06 - [TEST_CASE][PASSED] - Test Cases/Status_API: Test Cases/Status_API

2019-06-25 10:18:07 - [TEST_STEP][PASSED] - sendRequest(findTestObject("UserRestService/STATUS_API")): Send request successfully

2019-06-25 10:18:09 - [MESSAGE][INFO] - HAR: C:\Users\Kanishka Sikka\Katalon Studio\API_OCRAutomation\Reports\testsuite\20190625_101746\requests\main\1.har

2019-06-25 10:18:09 - [MESSAGE][PASSED] - Send request successfully]]></system-out>
         <system-err><![CDATA[]]></system-err>
      </testcase>
      <system-out><![CDATA[2019-06-25 10:17:50 - [TEST_SUITE][PASSED] - testsuite: Test Cases/Status_API]]></system-out>
      <system-err><![CDATA[]]></system-err>
   </testsuite>
</testsuites>
