<?xml version="1.0" encoding="UTF-8"?>
<testsuites name="testsuite" time="17" tests="2" failures="0" errors="0">
   <testsuite name="testsuite" tests="2" failures="0" errors="0" time="17" timestamp="2019-06-26 10:20:22" hostname="Kanishka Sikka - Kanishka-L" id="Test Suites/testsuite">
      <properties>
         <property name="deviceName" value=""/>
         <property name="devicePlatform" value=""/>
         <property name="logFolder" value="C:\\Users\\Kanishka Sikka\\Katalon Studio\\API_OCRAutomation\\Reports\\testsuite\\20190626_102017"/>
         <property name="logFiles" value="C:\\Users\\Kanishka Sikka\\Katalon Studio\\API_OCRAutomation\\Reports\\testsuite\\20190626_102017\\execution0.log"/>
         <property name="attachments" value=""/>
         <property name="hostName" value="Kanishka Sikka - Kanishka-L"/>
         <property name="hostAddress" value="10.10.30.240"/>
         <property name="os" value="Windows 8.1 64bit"/>
         <property name="katalonVersion" value="6.0.4.7"/>
      </properties>
      <testcase name="Test Cases/Create_API" classname="Test Cases/Create_API" status="PASSED">
         <system-out><![CDATA[2019-06-26 10:20:23 - [TEST_CASE][PASSED] - Test Cases/Create_API: Test Cases/Create_API

2019-06-26 10:20:23 - [TEST_STEP][PASSED] - sendRequestAndVerify(findTestObject("UserRestService/OCR_URL")): Send request and verify the response successfully

2019-06-26 10:20:34 - [TEST_CASE][PASSED] - Start Test Case : Verification: Verification accomplished successfully

2019-06-26 10:20:35 - [TEST_STEP][PASSED] - request = getInstance().getCurrentRequest(): null

2019-06-26 10:20:35 - [TEST_STEP][PASSED] - response = getInstance().getCurrentResponse(): null

2019-06-26 10:20:35 - [TEST_STEP][PASSED] - reqHeaders = request.getHttpHeaderProperties(): null

2019-06-26 10:20:35 - [TEST_STEP][PASSED] - for ([i = 0, i < reqHeaders.size(), (i++)]): null

2019-06-26 10:20:35 - [TEST_STEP][PASSED] - name = get(i).getName(): null

2019-06-26 10:20:35 - [TEST_STEP][PASSED] - switch (name): null

2019-06-26 10:20:35 - [TEST_STEP][PASSED] - case "Content-Type":: null

2019-06-26 10:20:35 - [TEST_STEP][PASSED] - getValue()).isEqualTo("application/json"): null

2019-06-26 10:20:35 - [TEST_STEP][PASSED] - break: null

2019-06-26 10:20:35 - [TEST_STEP][PASSED] - name = get(i).getName(): null

2019-06-26 10:20:35 - [TEST_STEP][PASSED] - switch (name): null

2019-06-26 10:20:35 - [TEST_STEP][PASSED] - case "Authorization":: null

2019-06-26 10:20:35 - [TEST_STEP][PASSED] - getValue()).isEqualTo(authorization): null

2019-06-26 10:20:35 - [TEST_STEP][PASSED] - break: null

2019-06-26 10:20:35 - [TEST_STEP][PASSED] - getRestRequestMethod()).isEqualTo("POST"): null

2019-06-26 10:20:35 - [TEST_STEP][PASSED] - isValidBody = customKeywords.check_Request_Body.validate_Request_Body(replace("
", "").replaceAll("\s", "")): customKeywords.check_Request_Body.validate_Request_Body is PASSED

2019-06-26 10:20:35 - [MESSAGE][PASSED] - customKeywords.check_Request_Body.validate_Request_Body is PASSED

2019-06-26 10:20:35 - [TEST_STEP][PASSED] - assertThat(isValidBody).isEqualTo(true): null

2019-06-26 10:20:35 - [TEST_STEP][PASSED] - verifyResponseStatusCode(response, 200): Verify response status code successfully

2019-06-26 10:20:36 - [MESSAGE][PASSED] - Verify response status code successfully

2019-06-26 10:20:36 - [TEST_STEP][PASSED] - getStatusCode()).isEqualTo(200): null

2019-06-26 10:20:36 - [TEST_STEP][PASSED] - Document_Id = customKeywords.get_Response_String.extract_document_id(responseBodyContent, 1): customKeywords.get_Response_String.extract_document_id is PASSED

2019-06-26 10:20:36 - [MESSAGE][PASSED] - customKeywords.get_Response_String.extract_document_id is PASSED

2019-06-26 10:20:36 - [TEST_STEP][PASSED] - verifyGreaterThan(Document_Id, 0): Actual number '7,649' is greater than expected number '0'

2019-06-26 10:20:36 - [MESSAGE][PASSED] - Actual number '7,649' is greater than expected number '0'

2019-06-26 10:20:36 - [TEST_STEP][PASSED] - Request_Date = customKeywords.get_Response_String.extract_document_id(responseBodyContent, 2): customKeywords.get_Response_String.extract_document_id is PASSED

2019-06-26 10:20:36 - [MESSAGE][PASSED] - customKeywords.get_Response_String.extract_document_id is PASSED

2019-06-26 10:20:36 - [TEST_STEP][PASSED] - isValidDate = customKeywords.check_RequestStartDate.check_DateFormat(Request_Date): customKeywords.check_RequestStartDate.check_DateFormat is PASSED

2019-06-26 10:20:36 - [MESSAGE][PASSED] - customKeywords.check_RequestStartDate.check_DateFormat is PASSED

2019-06-26 10:20:36 - [TEST_STEP][PASSED] - assertThat(isValidDate).isEqualTo(true): null

2019-06-26 10:20:36 - [TEST_STEP][PASSED] - customKeywords.check_RequestStartDate.date_converter(): customKeywords.check_RequestStartDate.date_converter is PASSED

2019-06-26 10:20:36 - [MESSAGE][PASSED] - customKeywords.check_RequestStartDate.date_converter is PASSED

2019-06-26 10:20:36 - [MESSAGE][PASSED] - Verify response successfully

2019-06-26 10:20:36 - [MESSAGE][PASSED] - Send request and verify the response successfully]]></system-out>
         <system-err><![CDATA[]]></system-err>
      </testcase>
      <testcase name="Test Cases/Status_API" classname="Test Cases/Status_API" status="PASSED">
         <system-out><![CDATA[2019-06-26 10:20:36 - [TEST_CASE][PASSED] - Test Cases/Status_API: Test Cases/Status_API

2019-06-26 10:20:37 - [TEST_STEP][PASSED] - requestURL = findTestObject("UserRestService/STATUS_API"): null

2019-06-26 10:20:37 - [TEST_STEP][PASSED] - newURL = requestURL.getRestUrl(): null

2019-06-26 10:20:37 - [TEST_STEP][PASSED] - out.println(newURL): null

2019-06-26 10:20:37 - [TEST_STEP][PASSED] - requestURL.setRestUrl(newURL.replace("?", "/") + Document_Id): null

2019-06-26 10:20:37 - [TEST_STEP][PASSED] - out.println(requestURL.getRestUrl()): null

2019-06-26 10:20:37 - [TEST_STEP][PASSED] - sendRequestAndVerify(requestURL): Send request and verify the response successfully

2019-06-26 10:20:39 - [TEST_CASE][PASSED] - Start Test Case : Verification: Verification accomplished successfully

2019-06-26 10:20:39 - [TEST_STEP][PASSED] - request = getInstance().getCurrentRequest(): null

2019-06-26 10:20:39 - [TEST_STEP][PASSED] - response = getInstance().getCurrentResponse(): null

2019-06-26 10:20:39 - [TEST_STEP][PASSED] - verifyResponseStatusCode(response, 200): Verify response status code successfully

2019-06-26 10:20:39 - [MESSAGE][PASSED] - Verify response status code successfully

2019-06-26 10:20:39 - [TEST_STEP][PASSED] - getStatusCode()).isEqualTo(200): null

2019-06-26 10:20:39 - [TEST_STEP][PASSED] - getRestRequestMethod()).isEqualTo("GET"): null

2019-06-26 10:20:39 - [TEST_STEP][PASSED] - params = request.getRestParameters(): null

2019-06-26 10:20:39 - [TEST_STEP][PASSED] - out.println(params): null

2019-06-26 10:20:39 - [MESSAGE][PASSED] - Verify response successfully

2019-06-26 10:20:39 - [MESSAGE][PASSED] - Send request and verify the response successfully]]></system-out>
         <system-err><![CDATA[]]></system-err>
      </testcase>
      <system-out><![CDATA[2019-06-26 10:20:22 - [TEST_SUITE][PASSED] - testsuite: Test Cases/Status_API]]></system-out>
      <system-err><![CDATA[]]></system-err>
   </testsuite>
</testsuites>
