<?xml version="1.0" encoding="UTF-8"?>
<testsuites name="testsuite" time="2" tests="2" failures="0" errors="0">
   <testsuite name="testsuite" tests="2" failures="0" errors="0" time="2" timestamp="2019-06-25 10:15:52" hostname="Kanishka Sikka - Kanishka-L" id="Test Suites/testsuite">
      <properties>
         <property name="deviceName" value=""/>
         <property name="devicePlatform" value=""/>
         <property name="logFolder" value="C:\\Users\\Kanishka Sikka\\Katalon Studio\\API_OCRAutomation\\Reports\\testsuite\\20190625_101547"/>
         <property name="logFiles" value="C:\\Users\\Kanishka Sikka\\Katalon Studio\\API_OCRAutomation\\Reports\\testsuite\\20190625_101547\\execution0.log"/>
         <property name="attachments" value=""/>
         <property name="hostName" value="Kanishka Sikka - Kanishka-L"/>
         <property name="hostAddress" value="10.10.30.240"/>
         <property name="os" value="Windows 8.1 64bit"/>
         <property name="katalonVersion" value="6.0.4.7"/>
      </properties>
      <testcase name="Test Cases/Create_API" classname="Test Cases/Create_API" status="PASSED">
         <system-out><![CDATA[2019-06-25 10:15:53 - [TEST_CASE][PASSED] - Test Cases/Create_API: Test Cases/Create_API

2019-06-25 10:15:54 - [TEST_STEP][PASSED] - return null: null]]></system-out>
         <system-err><![CDATA[]]></system-err>
      </testcase>
      <testcase name="Test Cases/Status_API" classname="Test Cases/Status_API" status="PASSED">
         <system-out><![CDATA[2019-06-25 10:15:54 - [TEST_CASE][PASSED] - Test Cases/Status_API: null]]></system-out>
         <system-err><![CDATA[]]></system-err>
      </testcase>
      <system-out><![CDATA[2019-06-25 10:15:52 - [TEST_SUITE][INCOMPLETE] - testsuite: null]]></system-out>
      <system-err><![CDATA[2019-06-25 10:15:52 - [TEST_SUITE][INCOMPLETE] - testsuite: null]]></system-err>
   </testsuite>
</testsuites>
