<?xml version="1.0" encoding="UTF-8"?>
<testsuites name="Test Suite 1" time="18" tests="2" failures="0" errors="0">
   <testsuite name="Test Suite 1" tests="2" failures="0" errors="0" time="18" timestamp="2019-05-21 10:18:13" hostname="Kanishka Sikka - Kanishka-L" id="Test Suites/Test Suite 1">
      <properties>
         <property name="deviceName" value=""/>
         <property name="devicePlatform" value=""/>
         <property name="logFolder" value="C:\\Users\\Kanishka Sikka\\Katalon Studio\\API Demo Project\\Reports\\Test Suite 1\\20190521_101804"/>
         <property name="logFiles" value="C:\\Users\\Kanishka Sikka\\Katalon Studio\\API Demo Project\\Reports\\Test Suite 1\\20190521_101804\\execution0.log"/>
         <property name="attachments" value=""/>
         <property name="hostName" value="Kanishka Sikka - Kanishka-L"/>
         <property name="hostAddress" value="10.10.30.236"/>
         <property name="os" value="Windows 8.1 64bit"/>
         <property name="katalonVersion" value="6.0.4.7"/>
      </properties>
      <testcase name="Test Cases/CreateUserTestCase" classname="Test Cases/CreateUserTestCase" status="PASSED">
         <system-out><![CDATA[2019-05-21 10:18:14 - [TEST_CASE][PASSED] - Test Cases/CreateUserTestCase: Test Cases/CreateUserTestCase

2019-05-21 10:18:15 - [TEST_STEP][PASSED] - sendRequest(findTestObject("UserRestService/CreateUser")): Send request successfully

2019-05-21 10:18:24 - [MESSAGE][INFO] - HAR: C:\Users\Kanishka Sikka\Katalon Studio\API Demo Project\Reports\Test Suite 1\20190521_101804\requests\main\0.har

2019-05-21 10:18:24 - [MESSAGE][PASSED] - Send request successfully

2019-05-21 10:18:24 - [TEST_STEP][PASSED] - response = sendRequestAndVerify(findTestObject("UserRestService/CreateUser")): Send request and verify the response successfully

2019-05-21 10:18:26 - [TEST_CASE][PASSED] - Start Test Case : Verification: Verification accomplished successfully

2019-05-21 10:18:27 - [TEST_STEP][PASSED] - request = getInstance().getCurrentRequest(): null

2019-05-21 10:18:27 - [TEST_STEP][PASSED] - response = getInstance().getCurrentResponse(): null

2019-05-21 10:18:27 - [TEST_STEP][PASSED] - verifyResponseStatusCode(response, 201): Verify response status code successfully

2019-05-21 10:18:27 - [MESSAGE][PASSED] - Verify response status code successfully

2019-05-21 10:18:27 - [TEST_STEP][PASSED] - getStatusCode()).isEqualTo(201): null

2019-05-21 10:18:28 - [MESSAGE][PASSED] - Verify response successfully

2019-05-21 10:18:28 - [MESSAGE][PASSED] - Send request and verify the response successfully]]></system-out>
         <system-err><![CDATA[]]></system-err>
      </testcase>
      <testcase name="Test Cases/ListUsersTestCase" classname="Test Cases/ListUsersTestCase" status="PASSED">
         <system-out><![CDATA[2019-05-21 10:18:28 - [TEST_CASE][PASSED] - Test Cases/ListUsersTestCase: Test Cases/ListUsersTestCase

2019-05-21 10:18:29 - [TEST_STEP][PASSED] - response = sendRequestAndVerify(findTestObject("UserRestService/ListUsers")): Send request and verify the response successfully

2019-05-21 10:18:31 - [TEST_CASE][PASSED] - Start Test Case : Verification: Verification accomplished successfully

2019-05-21 10:18:32 - [TEST_STEP][PASSED] - request = getInstance().getCurrentRequest(): null

2019-05-21 10:18:32 - [TEST_STEP][PASSED] - response = getInstance().getCurrentResponse(): null

2019-05-21 10:18:32 - [TEST_STEP][PASSED] - verifyResponseStatusCode(response, 200): Verify response status code successfully

2019-05-21 10:18:32 - [MESSAGE][PASSED] - Verify response status code successfully

2019-05-21 10:18:32 - [TEST_STEP][PASSED] - getStatusCode()).isEqualTo(200): null

2019-05-21 10:18:32 - [TEST_STEP][PASSED] - verifyElementPropertyValue(response, "data[1].first_name", "Charles"): Verify element property value successfully

2019-05-21 10:18:32 - [MESSAGE][PASSED] - Verify element property value successfully

2019-05-21 10:18:32 - [MESSAGE][PASSED] - Verify response successfully

2019-05-21 10:18:32 - [MESSAGE][PASSED] - Send request and verify the response successfully

2019-05-21 10:18:32 - [TEST_STEP][PASSED] - verifyElementPropertyValue(response, "data[1].first_name", "Charles"): Verify element property value successfully

2019-05-21 10:18:32 - [MESSAGE][PASSED] - Verify element property value successfully]]></system-out>
         <system-err><![CDATA[]]></system-err>
      </testcase>
      <system-out><![CDATA[2019-05-21 10:18:13 - [TEST_SUITE][PASSED] - Test Suite 1: Test Cases/ListUsersTestCase]]></system-out>
      <system-err><![CDATA[]]></system-err>
   </testsuite>
</testsuites>
